<?xml version="1.0" encoding="UTF-8"?>
<testsuite name="CinemaTests" tests="1" skipped="0" failures="0" errors="0" timestamp="2023-01-15T00:00:40" hostname="PC-EXODUS" time="0.457">
  <properties/>
  <testcase name="start" classname="CinemaTests" time="0.457"/>
  <system-out><![CDATA[?[1;31m
Start test 1?[0m

Enter the number of rows:
> 7
Enter the number of seats in each row:
> 8

1. Show the seats
2. Buy a ticket
0. Exit
> 0
?[1;31m
Start test 2?[0m

Enter the number of rows:
> 7
Enter the number of seats in each row:
> 8

1. Show the seats
2. Buy a ticket
0. Exit
> 1

Cinema:
  1 2 3 4 5 6 7 8 
1 S S S S S S S S 
2 S S S S S S S S 
3 S S S S S S S S 
4 S S S S S S S S 
5 S S S S S S S S 
6 S S S S S S S S 
7 S S S S S S S S 

1. Show the seats
2. Buy a ticket
0. Exit

Enter the number of rows:
> 2
Enter the number of seats in each row:
> 2

1. Show the seats
2. Buy a ticket
0. Exit
> 1

Cinema:
  1 2 
1 S S 
2 S S 

1. Show the seats
2. Buy a ticket
0. Exit

Enter the number of rows:
> 9
Enter the number of seats in each row:
> 9

1. Show the seats
2. Buy a ticket
0. Exit
> 1

Cinema:
  1 2 3 4 5 6 7 8 9 
1 S S S S S S S S S 
2 S S S S S S S S S 
3 S S S S S S S S S 
4 S S S S S S S S S 
5 S S S S S S S S S 
6 S S S S S S S S S 
7 S S S S S S S S S 
8 S S S S S S S S S 
9 S S S S S S S S S 

1. Show the seats
2. Buy a ticket
0. Exit
> 0
?[1;31m
Start test 3?[0m

Enter the number of rows:
> 7
Enter the number of seats in each row:
> 8

1. Show the seats
2. Buy a ticket
0. Exit
> 2

Enter a row number:
> 2
Enter a seat number in that row:
> 4

Ticket price: $10

1. Show the seats
2. Buy a ticket
0. Exit
> 1

Cinema:
  1 2 3 4 5 6 7 8 
1 S S S S S S S S 
2 S S S B S S S S 
3 S S S S S S S S 
4 S S S S S S S S 
5 S S S S S S S S 
6 S S S S S S S S 
7 S S S S S S S S 

1. Show the seats
2. Buy a ticket
0. Exit
> 2

Enter a row number:
> 3
Enter a seat number in that row:
> 5

Ticket price: $10

1. Show the seats
2. Buy a ticket
0. Exit
> 1

Cinema:
  1 2 3 4 5 6 7 8 
1 S S S S S S S S 
2 S S S B S S S S 
3 S S S S B S S S 
4 S S S S S S S S 
5 S S S S S S S S 
6 S S S S S S S S 
7 S S S S S S S S 

1. Show the seats
2. Buy a ticket
0. Exit
?[1;31m
Start test 4?[0m

Enter the number of rows:
> 9
Enter the number of seats in each row:
> 9

1. Show the seats
2. Buy a ticket
0. Exit
> 2

Enter a row number:
> 1
Enter a seat number in that row:
> 1

Ticket price: $10

1. Show the seats
2. Buy a ticket
0. Exit
> 2

Enter a row number:
> 4
Enter a seat number in that row:
> 5

Ticket price: $10

1. Show the seats
2. Buy a ticket
0. Exit
> 1

Cinema:
  1 2 3 4 5 6 7 8 9 
1 S S S S S S S S S 
2 S S S S S S S S S 
3 S S S S S S S S S 
4 S S S S B S S S S 
5 S S S S S S S S S 
6 S S S S S S S S S 
7 S S S S S S S S S 
8 S S S S S S S S S 
9 S S S S S S S S S 

1. Show the seats
2. Buy a ticket
0. Exit
> 2

Enter a row number:
> 5
Enter a seat number in that row:
> 5

Ticket price: $8

1. Show the seats
2. Buy a ticket
0. Exit
> 1

Cinema:
  1 2 3 4 5 6 7 8 9 
1 S S S S S S S S S 
2 S S S S S S S S S 
3 S S S S S S S S S 
4 S S S S B S S S S 
5 S S S S B S S S S 
6 S S S S S S S S S 
7 S S S S S S S S S 
8 S S S S S S S S S 
9 S S S S S S S S S 

1. Show the seats
2. Buy a ticket
0. Exit
> 2

Enter a row number:
> 6
Enter a seat number in that row:
> 6

Ticket price: $8

1. Show the seats
2. Buy a ticket
0. Exit
> 1

Cinema:
  1 2 3 4 5 6 7 8 9 
1 S S S S S S S S S 
2 S S S S S S S S S 
3 S S S S S S S S S 
4 S S S S B S S S S 
5 S S S S B S S S S 
6 S S S S S B S S S 
7 S S S S S S S S S 
8 S S S S S S S S S 
9 S S S S S S S S S 

1. Show the seats
2. Buy a ticket
0. Exit
]]></system-out>
  <system-err><![CDATA[]]></system-err>
</testsuite>
