<?xml version="1.0" encoding="UTF-8"?>
<testsuite name="CinemaTests" tests="1" skipped="0" failures="0" errors="0" timestamp="2023-01-11T22:20:47" hostname="PC-EXODUS" time="0.163">
  <properties/>
  <testcase name="start" classname="CinemaTests" time="0.163"/>
  <system-out><![CDATA[?[1;31m
Start test 1?[0m
Cinema:
  1 2 3 4 5 6 7 8 
1 S S S S S S S S 
2 S S S S S S S S 
3 S S S S S S S S 
4 S S S S S S S S 
5 S S S S S S S S 
6 S S S S S S S S 
7 S S S S S S S S 
]]></system-out>
  <system-err><![CDATA[]]></system-err>
</testsuite>
